2022-08-04 17:34:20 -  dbrun app is started=========
2022-08-04 17:34:20 -  Starting SchedulingTasksApplication using Java 17.0.1 on JINGSLIU-CN with PID 1052 (C:\Users\jingsliu\Desktop\work\zrkjecc\complete\target\classes started by jingsliu in C:\Users\jingsliu\Desktop\work\zrkjecc\complete)
2022-08-04 17:34:20 -  No active profile set, falling back to default profiles: default
2022-08-04 17:34:22 -  Initializing ProtocolHandler ["http-nio-8080"]
2022-08-04 17:34:22 -  Starting service [Tomcat]
2022-08-04 17:34:22 -  Starting Servlet engine: [Apache Tomcat/9.0.56]
2022-08-04 17:34:22 -  Initializing Spring embedded WebApplicationContext
2022-08-04 17:34:23 -  Starting ProtocolHandler ["http-nio-8080"]
2022-08-04 17:34:23 -  Started SchedulingTasksApplication in 3.282 seconds (JVM running for 4.109)
2022-08-04 17:36:28 -  Initializing Spring DispatcherServlet 'dispatcherServlet'
2022-08-04 17:36:28 -  ===> got one metric from node 2
2022-08-04 17:36:28 -  ~~~~~~~~~~~~~~ start one computation ~~~~~~~~~~~~~~
2022-08-04 17:36:28 -  threshold top == 70.0 %
2022-08-04 17:36:28 -  threshold buttom == 44.0 %
2022-08-04 17:36:28 -  node1 can not get metric at the moment
2022-08-04 17:36:28 -  node1 ld_1 0.0
2022-08-04 17:36:28 -  node1 ld_5 0.0
2022-08-04 17:36:28 -  node1 ld_15 0.0
2022-08-04 17:36:28 -  node1 cpu usage 0.0 %
2022-08-04 17:36:28 -  *********************************
2022-08-04 17:36:28 -  node2 ld_1 0.0
2022-08-04 17:36:28 -  node2 ld_5 4.1
2022-08-04 17:36:28 -  node2 ld_15 3.1
2022-08-04 17:36:28 -  node2 cpu usage 78 %
2022-08-04 17:36:28 -  *********************************
2022-08-04 17:36:28 -  current: cores 4 
2022-08-04 17:36:28 -  current: effective cpu usage 78.0 %
2022-08-04 17:38:21 -  dbrun app is started=========
2022-08-04 17:38:26 -  Starting SchedulingTasksApplication using Java 17.0.1 on JINGSLIU-CN with PID 34248 (C:\Users\jingsliu\Desktop\work\zrkjecc\complete\target\classes started by jingsliu in C:\Users\jingsliu\Desktop\work\zrkjecc\complete)
2022-08-04 17:38:26 -  No active profile set, falling back to default profiles: default
2022-08-04 17:38:30 -  Initializing ProtocolHandler ["http-nio-8080"]
2022-08-04 17:38:30 -  Starting service [Tomcat]
2022-08-04 17:38:30 -  Starting Servlet engine: [Apache Tomcat/9.0.56]
2022-08-04 17:38:30 -  Initializing Spring embedded WebApplicationContext
2022-08-04 17:38:31 -  Starting ProtocolHandler ["http-nio-8080"]
2022-08-04 17:38:31 -  Started SchedulingTasksApplication in 8.983 seconds (JVM running for 15.512)
2022-08-04 17:38:41 -  Initializing Spring DispatcherServlet 'dispatcherServlet'
2022-08-04 17:38:42 -  ===> got one metric from node 2
2022-08-04 17:38:42 -  ~~~~~~~~~~~~~~ start one computation ~~~~~~~~~~~~~~
2022-08-04 17:38:42 -  threshold top == 70.0 %
2022-08-04 17:38:42 -  threshold buttom == 44.0 %
2022-08-04 17:38:42 -  node1 can not get metric at the moment
2022-08-04 17:38:42 -  node1 ld_1 0.0
2022-08-04 17:38:42 -  node1 ld_5 0.0
2022-08-04 17:38:42 -  node1 ld_15 0.0
2022-08-04 17:38:42 -  node1 cpu usage 0.0 %
2022-08-04 17:38:42 -  *********************************
2022-08-04 17:38:42 -  node2 ld_1 0.0
2022-08-04 17:38:42 -  node2 ld_5 4.1
2022-08-04 17:38:42 -  node2 ld_15 3.1
2022-08-04 17:38:42 -  node2 cpu usage 78 %
2022-08-04 17:38:42 -  *********************************
2022-08-04 17:38:42 -  current: cores 4 
2022-08-04 17:38:42 -  current: effective cpu usage 78.0 %
2022-08-04 17:38:42 -  will change to cores ==>  4
2022-08-04 17:38:42 -  qwqwqw 0 ,4}
2022-08-04 17:38:42 -  <============= ready to apply 4 OCPU =============> 
2022-08-04 17:38:42 -  command result : null 
2022-08-04 17:38:42 -  not a valid command, exit!
2022-08-04 17:39:35 -  dbrun app is started=========
2022-08-04 17:39:36 -  Starting SchedulingTasksApplication using Java 17.0.1 on JINGSLIU-CN with PID 5984 (C:\Users\jingsliu\Desktop\work\zrkjecc\complete\target\classes started by jingsliu in C:\Users\jingsliu\Desktop\work\zrkjecc\complete)
2022-08-04 17:39:36 -  No active profile set, falling back to default profiles: default
2022-08-04 17:39:38 -  Initializing ProtocolHandler ["http-nio-8080"]
2022-08-04 17:39:38 -  Starting service [Tomcat]
2022-08-04 17:39:38 -  Starting Servlet engine: [Apache Tomcat/9.0.56]
2022-08-04 17:39:38 -  Initializing Spring embedded WebApplicationContext
2022-08-04 17:39:38 -  Starting ProtocolHandler ["http-nio-8080"]
2022-08-04 17:39:39 -  Started SchedulingTasksApplication in 2.97 seconds (JVM running for 3.939)
2022-08-04 17:39:45 -  Initializing Spring DispatcherServlet 'dispatcherServlet'
2022-08-04 17:39:45 -  ===> got one metric from node 2
2022-08-04 17:39:45 -  ~~~~~~~~~~~~~~ start one computation ~~~~~~~~~~~~~~
2022-08-04 17:39:45 -  threshold top == 70.0 %
2022-08-04 17:39:45 -  threshold buttom == 44.0 %
2022-08-04 17:39:45 -  node1 can not get metric at the moment
2022-08-04 17:39:45 -  node1 ld_1 0.0
2022-08-04 17:39:45 -  node1 ld_5 0.0
2022-08-04 17:39:45 -  node1 ld_15 0.0
2022-08-04 17:39:45 -  node1 cpu usage 0.0 %
2022-08-04 17:39:45 -  *********************************
2022-08-04 17:39:45 -  node2 ld_1 0.0
2022-08-04 17:39:45 -  node2 ld_5 4.1
2022-08-04 17:39:45 -  node2 ld_15 3.1
2022-08-04 17:39:45 -  node2 cpu usage 78 %
2022-08-04 17:39:45 -  *********************************
2022-08-04 17:39:49 -  current: cores 4 
2022-08-04 17:39:49 -  current: effective cpu usage 78.0 %
2022-08-04 17:39:49 -  will change to cores ==>  4
2022-08-04 17:42:52 -  qwqwqw 0 ,4}
2022-08-04 17:42:52 -  <============= ready to apply 4 OCPU =============> 
2022-08-04 17:42:52 -  command result : null 
2022-08-04 17:42:52 -  not a valid command, exit!
2022-08-04 17:43:07 -  dbrun app is started=========
2022-08-04 17:43:08 -  Starting SchedulingTasksApplication using Java 17.0.1 on JINGSLIU-CN with PID 23484 (C:\Users\jingsliu\Desktop\work\zrkjecc\complete\target\classes started by jingsliu in C:\Users\jingsliu\Desktop\work\zrkjecc\complete)
2022-08-04 17:43:08 -  No active profile set, falling back to default profiles: default
2022-08-04 17:43:10 -  Initializing ProtocolHandler ["http-nio-8080"]
2022-08-04 17:43:10 -  Starting service [Tomcat]
2022-08-04 17:43:10 -  Starting Servlet engine: [Apache Tomcat/9.0.56]
2022-08-04 17:43:10 -  Initializing Spring embedded WebApplicationContext
2022-08-04 17:43:11 -  Starting ProtocolHandler ["http-nio-8080"]
2022-08-04 17:43:11 -  Started SchedulingTasksApplication in 3.147 seconds (JVM running for 15.007)
2022-08-04 17:43:20 -  Initializing Spring DispatcherServlet 'dispatcherServlet'
2022-08-04 17:43:21 -  ===> got one metric from node 2
2022-08-04 17:43:21 -  ~~~~~~~~~~~~~~ start one computation ~~~~~~~~~~~~~~
2022-08-04 17:43:21 -  threshold top == 70.0 %
2022-08-04 17:43:21 -  threshold buttom == 44.0 %
2022-08-04 17:43:21 -  node1 can not get metric at the moment
2022-08-04 17:43:21 -  node1 ld_1 0.0
2022-08-04 17:43:21 -  node1 ld_5 0.0
2022-08-04 17:43:21 -  node1 ld_15 0.0
2022-08-04 17:43:21 -  node1 cpu usage 0.0 %
2022-08-04 17:43:21 -  *********************************
2022-08-04 17:43:21 -  node2 ld_1 0.0
2022-08-04 17:43:21 -  node2 ld_5 4.1
2022-08-04 17:43:21 -  node2 ld_15 3.1
2022-08-04 17:43:21 -  node2 cpu usage 78 %
2022-08-04 17:43:21 -  *********************************
2022-08-04 17:43:23 -  current: cores 4 
2022-08-04 17:43:23 -  current: effective cpu usage 78.0 %
2022-08-04 17:43:23 -  will change to cores ==>  4
2022-08-04 17:43:34 -  qwqwqw 4 ,4}
2022-08-04 17:43:43 -  no need to run oci cli, exit!
2022-08-04 18:08:18 -  dbrun app is started=========
2022-08-04 18:08:18 -  Starting SchedulingTasksApplication using Java 17.0.1 on JINGSLIU-CN with PID 31488 (C:\Users\jingsliu\Desktop\work\zrkjecc\complete\target\classes started by jingsliu in C:\Users\jingsliu\Desktop\work\zrkjecc\complete)
2022-08-04 18:08:18 -  No active profile set, falling back to default profiles: default
2022-08-04 18:08:19 -  Initializing ProtocolHandler ["http-nio-8080"]
2022-08-04 18:08:19 -  Starting service [Tomcat]
2022-08-04 18:08:19 -  Starting Servlet engine: [Apache Tomcat/9.0.56]
2022-08-04 18:08:19 -  Initializing Spring embedded WebApplicationContext
2022-08-04 18:08:20 -  Starting ProtocolHandler ["http-nio-8080"]
2022-08-04 18:08:20 -  Started SchedulingTasksApplication in 1.905 seconds (JVM running for 2.414)
2022-08-04 18:08:23 -  Initializing Spring DispatcherServlet 'dispatcherServlet'
2022-08-04 18:08:23 -  ===> got one metric from node 2
2022-08-04 18:08:23 -  ~~~~~~~~~~~~~~ start one computation ~~~~~~~~~~~~~~
2022-08-04 18:08:23 -  threshold top == 70.0 %
2022-08-04 18:08:23 -  threshold buttom == 44.0 %
2022-08-04 18:08:23 -  node1 can not get metric at the moment
2022-08-04 18:08:23 -  node1 ld_1 0.0
2022-08-04 18:08:23 -  node1 ld_5 0.0
2022-08-04 18:08:23 -  node1 ld_15 0.0
2022-08-04 18:08:23 -  node1 cpu usage 0.0 %
2022-08-04 18:08:23 -  *********************************
2022-08-04 18:08:23 -  node2 ld_1 0.0
2022-08-04 18:08:23 -  node2 ld_5 4.1
2022-08-04 18:08:23 -  node2 ld_15 3.1
2022-08-04 18:08:23 -  node2 cpu usage 78 %
2022-08-04 18:08:23 -  *********************************
2022-08-04 18:08:23 -  current: cores 4 
2022-08-04 18:08:23 -  current: effective cpu usage 78.0 %
2022-08-04 18:08:23 -  will change to cores ==>  4
2022-08-04 18:08:23 -  no need to run oci cli, exit!
2022-08-04 18:21:26 -  dbrun app is started=========
2022-08-04 18:21:27 -  Starting SchedulingTasksApplication using Java 17.0.1 on JINGSLIU-CN with PID 34152 (C:\Users\jingsliu\Desktop\work\zrkjecc\complete\target\classes started by jingsliu in C:\Users\jingsliu\Desktop\work\zrkjecc\complete)
2022-08-04 18:21:27 -  No active profile set, falling back to default profiles: default
2022-08-04 18:21:28 -  Initializing ProtocolHandler ["http-nio-8080"]
2022-08-04 18:21:28 -  Starting service [Tomcat]
2022-08-04 18:21:28 -  Starting Servlet engine: [Apache Tomcat/9.0.56]
2022-08-04 18:21:28 -  Initializing Spring embedded WebApplicationContext
2022-08-04 18:21:29 -  Starting ProtocolHandler ["http-nio-8080"]
2022-08-04 18:21:29 -  Started SchedulingTasksApplication in 1.951 seconds (JVM running for 2.459)
2022-08-04 18:21:56 -  dbrun app is started=========
2022-08-04 18:21:57 -  Starting SchedulingTasksApplication using Java 17.0.1 on JINGSLIU-CN with PID 33676 (C:\Users\jingsliu\Desktop\work\zrkjecc\complete\target\classes started by jingsliu in C:\Users\jingsliu\Desktop\work\zrkjecc\complete)
2022-08-04 18:21:57 -  No active profile set, falling back to default profiles: default
2022-08-04 18:21:58 -  Initializing ProtocolHandler ["http-nio-8080"]
2022-08-04 18:21:58 -  Starting service [Tomcat]
2022-08-04 18:21:58 -  Starting Servlet engine: [Apache Tomcat/9.0.56]
2022-08-04 18:21:58 -  Initializing Spring embedded WebApplicationContext
2022-08-04 18:21:59 -  Starting ProtocolHandler ["http-nio-8080"]
2022-08-04 18:21:59 -  Started SchedulingTasksApplication in 2.007 seconds (JVM running for 2.551)
2022-08-04 18:22:03 -  Initializing Spring DispatcherServlet 'dispatcherServlet'
2022-08-04 18:22:03 -  ===> got one metric from node 2
2022-08-04 18:22:03 -  ~~~~~~~~~~~~~~ start one computation ~~~~~~~~~~~~~~
2022-08-04 18:22:03 -  threshold top == 70.0 %
2022-08-04 18:22:03 -  threshold buttom == 44.0 %
2022-08-04 18:22:03 -  node1 can not get metric at the moment
2022-08-04 18:22:03 -  node1 ld_1 0.0
2022-08-04 18:22:03 -  node1 ld_5 0.0
2022-08-04 18:22:03 -  node1 ld_15 0.0
2022-08-04 18:22:03 -  node1 cpu usage 0.0 %
2022-08-04 18:22:03 -  *********************************
2022-08-04 18:22:03 -  node2 ld_1 0.0
2022-08-04 18:22:03 -  node2 ld_5 4.1
2022-08-04 18:22:03 -  node2 ld_15 3.1
2022-08-04 18:22:03 -  node2 cpu usage 78 %
2022-08-04 18:22:03 -  *********************************
2022-08-04 18:22:03 -  current: cores 4 
2022-08-04 18:22:03 -  current: effective cpu usage 78.0 %
2022-08-04 18:22:03 -  will change to cores ==>  4
2022-08-04 18:22:03 -  <============= ready to apply 4 OCPU =============> 
2022-08-04 18:22:03 -  no need to run oci cli, exit!
2022-08-04 20:53:52 INFO  c.e.s.SchedulingTasksApplication -  dbrun app is started=========
2022-08-04 20:53:52 INFO  c.e.s.SchedulingTasksApplication -  Starting SchedulingTasksApplication using Java 17.0.1 on JINGSLIU-CN with PID 7032 (C:\Users\jingsliu\Desktop\work\zrkjecc\complete\target\classes started by jingsliu in C:\Users\jingsliu\Desktop\work\zrkjecc\complete)
2022-08-04 20:53:52 INFO  c.e.s.SchedulingTasksApplication -  No active profile set, falling back to default profiles: default
2022-08-04 20:53:54 INFO  o.a.coyote.http11.Http11NioProtocol -  Initializing ProtocolHandler ["http-nio-8080"]
2022-08-04 20:53:54 INFO  o.a.catalina.core.StandardService -  Starting service [Tomcat]
2022-08-04 20:53:54 INFO  o.a.catalina.core.StandardEngine -  Starting Servlet engine: [Apache Tomcat/9.0.56]
2022-08-04 20:53:54 INFO  o.a.c.c.C.[Tomcat].[localhost].[/] -  Initializing Spring embedded WebApplicationContext
2022-08-04 20:53:54 INFO  o.a.coyote.http11.Http11NioProtocol -  Starting ProtocolHandler ["http-nio-8080"]
2022-08-04 20:53:54 WARN  o.s.b.w.s.c.AnnotationConfigServletWebServerApplicationContext -  Exception encountered during context initialization - cancelling refresh attempt: org.springframework.context.ApplicationContextException: Failed to start bean 'webServerStartStop'; nested exception is org.springframework.boot.web.server.PortInUseException: Port 8080 is already in use
2022-08-04 20:53:54 INFO  o.a.coyote.http11.Http11NioProtocol -  Pausing ProtocolHandler ["http-nio-8080"]
2022-08-04 20:53:54 INFO  o.a.catalina.core.StandardService -  Stopping service [Tomcat]
2022-08-04 20:53:54 INFO  o.a.coyote.http11.Http11NioProtocol -  Stopping ProtocolHandler ["http-nio-8080"]
2022-08-04 20:53:54 INFO  o.a.coyote.http11.Http11NioProtocol -  Destroying ProtocolHandler ["http-nio-8080"]
2022-08-04 20:53:55 ERROR o.s.b.d.LoggingFailureAnalysisReporter -  

***************************
APPLICATION FAILED TO START
***************************

Description:

Web server failed to start. Port 8080 was already in use.

Action:

Identify and stop the process that's listening on port 8080 or configure this application to listen on another port.

2022-08-04 21:06:18 INFO  c.e.s.SchedulingTasksApplication -  dbrun app is started=========
2022-08-04 21:06:19 INFO  c.e.s.SchedulingTasksApplication -  Starting SchedulingTasksApplication using Java 17.0.1 on JINGSLIU-CN with PID 12092 (C:\Users\jingsliu\Desktop\work\zrkjecc\complete\target\classes started by jingsliu in C:\Users\jingsliu\Desktop\work\zrkjecc\complete)
2022-08-04 21:06:19 INFO  c.e.s.SchedulingTasksApplication -  No active profile set, falling back to default profiles: default
2022-08-04 21:06:20 INFO  o.a.coyote.http11.Http11NioProtocol -  Initializing ProtocolHandler ["http-nio-8080"]
2022-08-04 21:06:20 INFO  o.a.catalina.core.StandardService -  Starting service [Tomcat]
2022-08-04 21:06:20 INFO  o.a.catalina.core.StandardEngine -  Starting Servlet engine: [Apache Tomcat/9.0.56]
2022-08-04 21:06:20 INFO  o.a.c.c.C.[Tomcat].[localhost].[/] -  Initializing Spring embedded WebApplicationContext
2022-08-04 21:06:20 INFO  o.a.coyote.http11.Http11NioProtocol -  Starting ProtocolHandler ["http-nio-8080"]
2022-08-04 21:06:20 INFO  c.e.s.SchedulingTasksApplication -  Started SchedulingTasksApplication in 1.872 seconds (JVM running for 2.412)
2022-08-04 21:06:24 INFO  o.a.c.c.C.[Tomcat].[localhost].[/] -  Initializing Spring DispatcherServlet 'dispatcherServlet'
2022-08-04 21:06:24 INFO  c.e.schedulingtasks.MetricController -  ===> got one metric from node 2
2022-08-04 21:06:24 INFO  c.example.schedulingtasks.ScaleRule -  ===> ===> start one computation ~~~~~~~~~~~~~~>
2022-08-04 21:06:24 INFO  c.example.schedulingtasks.ScaleRule -  threshold top == 70.0 %
2022-08-04 21:06:24 INFO  c.example.schedulingtasks.ScaleRule -  threshold buttom == 44.0 %
2022-08-04 21:06:24 INFO  c.example.schedulingtasks.ScaleRule -  node1 can not get metric at the moment
2022-08-04 21:06:24 INFO  c.example.schedulingtasks.ScaleRule -  node1 ld_1 0.0
2022-08-04 21:06:24 INFO  c.example.schedulingtasks.ScaleRule -  node1 ld_5 0.0
2022-08-04 21:06:24 INFO  c.example.schedulingtasks.ScaleRule -  node1 ld_15 0.0
2022-08-04 21:06:24 INFO  c.example.schedulingtasks.ScaleRule -  node1 cpu usage 0.0 %
2022-08-04 21:06:24 INFO  c.example.schedulingtasks.ScaleRule -  *********************************
2022-08-04 21:06:24 INFO  c.example.schedulingtasks.ScaleRule -  node2 ld_1 0.0
2022-08-04 21:06:24 INFO  c.example.schedulingtasks.ScaleRule -  node2 ld_5 4.1
2022-08-04 21:06:24 INFO  c.example.schedulingtasks.ScaleRule -  node2 ld_15 3.1
2022-08-04 21:06:24 INFO  c.example.schedulingtasks.ScaleRule -  node2 cpu usage 78 %
2022-08-04 21:06:24 INFO  c.example.schedulingtasks.ScaleRule -  *********************************
2022-08-04 21:06:24 INFO  c.example.schedulingtasks.ScaleRule -  current: cores 4 
2022-08-04 21:06:24 INFO  c.example.schedulingtasks.ScaleRule -  current: effective cpu usage 78.0 %
2022-08-04 21:06:24 INFO  c.example.schedulingtasks.ScaleRule -  will change to cores ==>  4
2022-08-04 21:06:24 INFO  ScaleSvc -  No need to run oci cli, exit!
2022-08-04 21:07:46 INFO  c.e.s.SchedulingTasksApplication -  dbrun app is started=========
2022-08-04 21:07:46 INFO  c.e.s.SchedulingTasksApplication -  Starting SchedulingTasksApplication using Java 17.0.1 on JINGSLIU-CN with PID 15976 (C:\Users\jingsliu\Desktop\work\zrkjecc\complete\target\classes started by jingsliu in C:\Users\jingsliu\Desktop\work\zrkjecc\complete)
2022-08-04 21:07:46 INFO  c.e.s.SchedulingTasksApplication -  No active profile set, falling back to default profiles: default
2022-08-04 21:07:47 INFO  o.a.coyote.http11.Http11NioProtocol -  Initializing ProtocolHandler ["http-nio-8080"]
2022-08-04 21:07:47 INFO  o.a.catalina.core.StandardService -  Starting service [Tomcat]
2022-08-04 21:07:47 INFO  o.a.catalina.core.StandardEngine -  Starting Servlet engine: [Apache Tomcat/9.0.56]
2022-08-04 21:07:47 INFO  o.a.c.c.C.[Tomcat].[localhost].[/] -  Initializing Spring embedded WebApplicationContext
2022-08-04 21:07:48 INFO  o.a.coyote.http11.Http11NioProtocol -  Starting ProtocolHandler ["http-nio-8080"]
2022-08-04 21:07:48 INFO  c.e.s.SchedulingTasksApplication -  Started SchedulingTasksApplication in 1.919 seconds (JVM running for 2.51)
2022-08-04 21:07:57 INFO  o.a.c.c.C.[Tomcat].[localhost].[/] -  Initializing Spring DispatcherServlet 'dispatcherServlet'
2022-08-04 21:07:57 INFO  c.e.schedulingtasks.MetricController -  ===> got one metric from node 2
2022-08-04 21:07:57 INFO  c.example.schedulingtasks.ScaleRule -  ===> ===> start one computation ~~~~~~~~~~~~~~>
2022-08-04 21:07:57 INFO  c.example.schedulingtasks.ScaleRule -  threshold top == 70.0 %
2022-08-04 21:07:57 INFO  c.example.schedulingtasks.ScaleRule -  threshold buttom == 44.0 %
2022-08-04 21:07:57 INFO  c.example.schedulingtasks.ScaleRule -  node1 can not get metric at the moment
2022-08-04 21:07:57 INFO  c.example.schedulingtasks.ScaleRule -  node1 ld_1 0.0
2022-08-04 21:07:57 INFO  c.example.schedulingtasks.ScaleRule -  node1 ld_5 0.0
2022-08-04 21:07:57 INFO  c.example.schedulingtasks.ScaleRule -  node1 ld_15 0.0
2022-08-04 21:07:57 INFO  c.example.schedulingtasks.ScaleRule -  node1 cpu usage 0.0 %
2022-08-04 21:07:57 INFO  c.example.schedulingtasks.ScaleRule -  *********************************
2022-08-04 21:07:57 INFO  c.example.schedulingtasks.ScaleRule -  node2 ld_1 0.0
2022-08-04 21:07:57 INFO  c.example.schedulingtasks.ScaleRule -  node2 ld_5 4.1
2022-08-04 21:07:57 INFO  c.example.schedulingtasks.ScaleRule -  node2 ld_15 3.1
2022-08-04 21:07:57 INFO  c.example.schedulingtasks.ScaleRule -  node2 cpu usage 78 %
2022-08-04 21:07:57 INFO  c.example.schedulingtasks.ScaleRule -  *********************************
2022-08-04 21:07:57 INFO  c.example.schedulingtasks.ScaleRule -  current: cores 4 
2022-08-04 21:07:57 INFO  c.example.schedulingtasks.ScaleRule -  current: effective cpu usage 78.0 %
2022-08-04 21:07:57 INFO  c.example.schedulingtasks.ScaleRule -  will change to cores ==>  4
2022-08-04 21:07:57 INFO  ScaleSvc -  No need to run oci cli, exit!
2022-08-04 21:08:58 INFO  c.e.s.SchedulingTasksApplication -  dbrun app is started=========
2022-08-04 21:08:59 INFO  c.e.s.SchedulingTasksApplication -  Starting SchedulingTasksApplication using Java 17.0.1 on JINGSLIU-CN with PID 34024 (C:\Users\jingsliu\Desktop\work\zrkjecc\complete\target\classes started by jingsliu in C:\Users\jingsliu\Desktop\work\zrkjecc\complete)
2022-08-04 21:08:59 INFO  c.e.s.SchedulingTasksApplication -  No active profile set, falling back to default profiles: default
2022-08-04 21:09:00 INFO  o.a.coyote.http11.Http11NioProtocol -  Initializing ProtocolHandler ["http-nio-8080"]
2022-08-04 21:09:00 INFO  o.a.catalina.core.StandardService -  Starting service [Tomcat]
2022-08-04 21:09:00 INFO  o.a.catalina.core.StandardEngine -  Starting Servlet engine: [Apache Tomcat/9.0.56]
2022-08-04 21:09:00 INFO  o.a.c.c.C.[Tomcat].[localhost].[/] -  Initializing Spring embedded WebApplicationContext
2022-08-04 21:09:00 INFO  o.a.coyote.http11.Http11NioProtocol -  Starting ProtocolHandler ["http-nio-8080"]
2022-08-04 21:09:00 INFO  c.e.s.SchedulingTasksApplication -  Started SchedulingTasksApplication in 2.093 seconds (JVM running for 2.612)
2022-08-04 21:09:08 INFO  o.a.c.c.C.[Tomcat].[localhost].[/] -  Initializing Spring DispatcherServlet 'dispatcherServlet'
2022-08-04 21:09:08 INFO  c.e.schedulingtasks.MetricController -  ===> got one metric from node 2
2022-08-04 21:09:08 INFO  c.example.schedulingtasks.ScaleRule -  ===> ===> start one computation ~~~ ===> ===>
2022-08-04 21:09:08 INFO  c.example.schedulingtasks.ScaleRule -  threshold top == 70.0 %
2022-08-04 21:09:08 INFO  c.example.schedulingtasks.ScaleRule -  threshold buttom == 44.0 %
2022-08-04 21:09:08 INFO  c.example.schedulingtasks.ScaleRule -  node1 can not get metric at the moment
2022-08-04 21:09:08 INFO  c.example.schedulingtasks.ScaleRule -  node1 ld_1 0.0
2022-08-04 21:09:08 INFO  c.example.schedulingtasks.ScaleRule -  node1 ld_5 0.0
2022-08-04 21:09:08 INFO  c.example.schedulingtasks.ScaleRule -  node1 ld_15 0.0
2022-08-04 21:09:08 INFO  c.example.schedulingtasks.ScaleRule -  node1 cpu usage 0.0 %
2022-08-04 21:09:08 INFO  c.example.schedulingtasks.ScaleRule -  *********************************
2022-08-04 21:09:08 INFO  c.example.schedulingtasks.ScaleRule -  node2 ld_1 0.0
2022-08-04 21:09:08 INFO  c.example.schedulingtasks.ScaleRule -  node2 ld_5 4.1
2022-08-04 21:09:08 INFO  c.example.schedulingtasks.ScaleRule -  node2 ld_15 3.1
2022-08-04 21:09:08 INFO  c.example.schedulingtasks.ScaleRule -  node2 cpu usage 78 %
2022-08-04 21:09:08 INFO  c.example.schedulingtasks.ScaleRule -  *********************************
2022-08-04 21:09:08 INFO  c.example.schedulingtasks.ScaleRule -  current: cores 4 
2022-08-04 21:09:08 INFO  c.example.schedulingtasks.ScaleRule -  current: effective cpu usage 78.0 %
2022-08-04 21:09:08 INFO  c.example.schedulingtasks.ScaleRule -  will change to cores ==>  4
2022-08-04 21:09:08 INFO  ScaleSvc -  No need to run oci cli, exit!
2022-08-04 21:11:29 INFO  c.e.s.SchedulingTasksApplication -  dbrun app is started=========
2022-08-04 21:11:29 INFO  c.e.s.SchedulingTasksApplication -  Starting SchedulingTasksApplication using Java 17.0.1 on JINGSLIU-CN with PID 29836 (C:\Users\jingsliu\Desktop\work\zrkjecc\complete\target\classes started by jingsliu in C:\Users\jingsliu\Desktop\work\zrkjecc\complete)
2022-08-04 21:11:29 INFO  c.e.s.SchedulingTasksApplication -  No active profile set, falling back to default profiles: default
2022-08-04 21:11:30 INFO  o.a.coyote.http11.Http11NioProtocol -  Initializing ProtocolHandler ["http-nio-8080"]
2022-08-04 21:11:30 INFO  o.a.catalina.core.StandardService -  Starting service [Tomcat]
2022-08-04 21:11:30 INFO  o.a.catalina.core.StandardEngine -  Starting Servlet engine: [Apache Tomcat/9.0.56]
2022-08-04 21:11:30 INFO  o.a.c.c.C.[Tomcat].[localhost].[/] -  Initializing Spring embedded WebApplicationContext
2022-08-04 21:11:31 INFO  o.a.coyote.http11.Http11NioProtocol -  Starting ProtocolHandler ["http-nio-8080"]
2022-08-04 21:11:31 INFO  c.e.s.SchedulingTasksApplication -  Started SchedulingTasksApplication in 1.897 seconds (JVM running for 2.425)
2022-08-04 21:11:46 INFO  c.e.s.SchedulingTasksApplication -  dbrun app is started=========
2022-08-04 21:11:46 INFO  c.e.s.SchedulingTasksApplication -  Starting SchedulingTasksApplication using Java 17.0.1 on JINGSLIU-CN with PID 26520 (C:\Users\jingsliu\Desktop\work\zrkjecc\complete\target\classes started by jingsliu in C:\Users\jingsliu\Desktop\work\zrkjecc\complete)
2022-08-04 21:11:46 INFO  c.e.s.SchedulingTasksApplication -  No active profile set, falling back to default profiles: default
2022-08-04 21:11:47 INFO  o.a.coyote.http11.Http11NioProtocol -  Initializing ProtocolHandler ["http-nio-8080"]
2022-08-04 21:11:47 INFO  o.a.catalina.core.StandardService -  Starting service [Tomcat]
2022-08-04 21:11:47 INFO  o.a.catalina.core.StandardEngine -  Starting Servlet engine: [Apache Tomcat/9.0.56]
2022-08-04 21:11:47 INFO  o.a.c.c.C.[Tomcat].[localhost].[/] -  Initializing Spring embedded WebApplicationContext
2022-08-04 21:11:48 INFO  o.a.coyote.http11.Http11NioProtocol -  Starting ProtocolHandler ["http-nio-8080"]
2022-08-04 21:11:48 INFO  c.e.s.SchedulingTasksApplication -  Started SchedulingTasksApplication in 1.963 seconds (JVM running for 2.511)
2022-08-04 21:11:51 INFO  o.a.c.c.C.[Tomcat].[localhost].[/] -  Initializing Spring DispatcherServlet 'dispatcherServlet'
2022-08-04 21:11:51 INFO  c.e.schedulingtasks.MetricController -  ====> got one metric from node 2
2022-08-04 21:11:51 INFO  c.example.schedulingtasks.ScaleRule -  ===> ===> start one computation ===> ===> ===>
2022-08-04 21:11:51 INFO  c.example.schedulingtasks.ScaleRule -  threshold top == 70.0 %
2022-08-04 21:11:51 INFO  c.example.schedulingtasks.ScaleRule -  threshold buttom == 44.0 %
2022-08-04 21:11:51 INFO  c.example.schedulingtasks.ScaleRule -  node1 can not get metric at the moment
2022-08-04 21:11:51 INFO  c.example.schedulingtasks.ScaleRule -  node1 ld_1 0.0
2022-08-04 21:11:51 INFO  c.example.schedulingtasks.ScaleRule -  node1 ld_5 0.0
2022-08-04 21:11:51 INFO  c.example.schedulingtasks.ScaleRule -  node1 ld_15 0.0
2022-08-04 21:11:51 INFO  c.example.schedulingtasks.ScaleRule -  node1 cpu usage 0.0 %
2022-08-04 21:11:51 INFO  c.example.schedulingtasks.ScaleRule -  *********************************
2022-08-04 21:11:51 INFO  c.example.schedulingtasks.ScaleRule -  node2 ld_1 0.0
2022-08-04 21:11:51 INFO  c.example.schedulingtasks.ScaleRule -  node2 ld_5 4.1
2022-08-04 21:11:51 INFO  c.example.schedulingtasks.ScaleRule -  node2 ld_15 3.1
2022-08-04 21:11:51 INFO  c.example.schedulingtasks.ScaleRule -  node2 cpu usage 78 %
2022-08-04 21:11:51 INFO  c.example.schedulingtasks.ScaleRule -  *********************************
2022-08-04 21:11:51 INFO  c.example.schedulingtasks.ScaleRule -  current: cores 4 
2022-08-04 21:11:51 INFO  c.example.schedulingtasks.ScaleRule -  current: effective cpu usage 78.0 %
2022-08-04 21:11:51 INFO  c.example.schedulingtasks.ScaleRule -  will change to cores ==>  4
2022-08-04 21:11:51 INFO  ScaleSvc -  No need to run oci cli, exit!
2022-08-04 21:15:00 INFO  c.e.s.SchedulingTasksApplication -  dbrun app is started=========
2022-08-04 21:15:01 INFO  c.e.s.SchedulingTasksApplication -  Starting SchedulingTasksApplication using Java 17.0.1 on JINGSLIU-CN with PID 432 (C:\Users\jingsliu\Desktop\work\zrkjecc\complete\target\classes started by jingsliu in C:\Users\jingsliu\Desktop\work\zrkjecc\complete)
2022-08-04 21:15:01 INFO  c.e.s.SchedulingTasksApplication -  No active profile set, falling back to default profiles: default
2022-08-04 21:15:02 INFO  o.a.coyote.http11.Http11NioProtocol -  Initializing ProtocolHandler ["http-nio-8080"]
2022-08-04 21:15:02 INFO  o.a.catalina.core.StandardService -  Starting service [Tomcat]
2022-08-04 21:15:02 INFO  o.a.catalina.core.StandardEngine -  Starting Servlet engine: [Apache Tomcat/9.0.56]
2022-08-04 21:15:02 INFO  o.a.c.c.C.[Tomcat].[localhost].[/] -  Initializing Spring embedded WebApplicationContext
2022-08-04 21:15:02 INFO  o.a.coyote.http11.Http11NioProtocol -  Starting ProtocolHandler ["http-nio-8080"]
2022-08-04 21:15:02 INFO  c.e.s.SchedulingTasksApplication -  Started SchedulingTasksApplication in 2.065 seconds (JVM running for 2.582)
2022-08-04 21:15:04 INFO  o.a.c.c.C.[Tomcat].[localhost].[/] -  Initializing Spring DispatcherServlet 'dispatcherServlet'
2022-08-04 21:15:04 INFO  c.e.schedulingtasks.MetricController -  ====> got one metric from node 2
2022-08-04 21:15:04 INFO  c.example.schedulingtasks.ScaleRule -  ===> ===> start one computation ===> ===> ===>
2022-08-04 21:15:04 INFO  c.example.schedulingtasks.ScaleRule -  threshold top == 70.0 %
2022-08-04 21:15:04 INFO  c.example.schedulingtasks.ScaleRule -  threshold buttom == 44.0 %
2022-08-04 21:15:04 INFO  c.example.schedulingtasks.ScaleRule -  node1 can not get metric at the moment
2022-08-04 21:15:04 INFO  c.example.schedulingtasks.ScaleRule -  <*** node1 ***>
2022-08-04 21:15:04 INFO  c.example.schedulingtasks.ScaleRule -  node1 ld_1 0.0
2022-08-04 21:15:04 INFO  c.example.schedulingtasks.ScaleRule -  node1 ld_5 0.0
2022-08-04 21:15:04 INFO  c.example.schedulingtasks.ScaleRule -  node1 ld_15 0.0
2022-08-04 21:15:04 INFO  c.example.schedulingtasks.ScaleRule -  node1 cpu usage 0.0 %
2022-08-04 21:15:04 INFO  c.example.schedulingtasks.ScaleRule -  *********************************
2022-08-04 21:15:04 INFO  c.example.schedulingtasks.ScaleRule -  <*** node2 ***>
2022-08-04 21:15:04 INFO  c.example.schedulingtasks.ScaleRule -  node2 ld_1 0.0
2022-08-04 21:15:04 INFO  c.example.schedulingtasks.ScaleRule -  node2 ld_5 4.1
2022-08-04 21:15:04 INFO  c.example.schedulingtasks.ScaleRule -  node2 ld_15 3.1
2022-08-04 21:15:04 INFO  c.example.schedulingtasks.ScaleRule -  node2 cpu usage 78 %
2022-08-04 21:15:04 INFO  c.example.schedulingtasks.ScaleRule -  *********************************
2022-08-04 21:15:04 INFO  c.example.schedulingtasks.ScaleRule -  current: cores 4 
2022-08-04 21:15:04 INFO  c.example.schedulingtasks.ScaleRule -  current: effective cpu usage 78.0 %
2022-08-04 21:15:04 INFO  c.example.schedulingtasks.ScaleRule -  will change to cores ===>  4
2022-08-04 21:15:04 INFO  ScaleSvc -  No need to run oci cli, exit!
2022-08-04 21:17:11 INFO  c.e.s.SchedulingTasksApplication -  dbrun app is started=========
2022-08-04 21:17:12 INFO  c.e.s.SchedulingTasksApplication -  Starting SchedulingTasksApplication using Java 17.0.1 on JINGSLIU-CN with PID 4672 (C:\Users\jingsliu\Desktop\work\zrkjecc\complete\target\classes started by jingsliu in C:\Users\jingsliu\Desktop\work\zrkjecc\complete)
2022-08-04 21:17:12 INFO  c.e.s.SchedulingTasksApplication -  No active profile set, falling back to default profiles: default
2022-08-04 21:17:13 INFO  o.a.coyote.http11.Http11NioProtocol -  Initializing ProtocolHandler ["http-nio-8080"]
2022-08-04 21:17:13 INFO  o.a.catalina.core.StandardService -  Starting service [Tomcat]
2022-08-04 21:17:13 INFO  o.a.catalina.core.StandardEngine -  Starting Servlet engine: [Apache Tomcat/9.0.56]
2022-08-04 21:17:13 INFO  o.a.c.c.C.[Tomcat].[localhost].[/] -  Initializing Spring embedded WebApplicationContext
2022-08-04 21:17:13 INFO  o.a.coyote.http11.Http11NioProtocol -  Starting ProtocolHandler ["http-nio-8080"]
2022-08-04 21:17:13 INFO  c.e.s.SchedulingTasksApplication -  Started SchedulingTasksApplication in 1.963 seconds (JVM running for 2.438)
2022-08-04 21:17:16 INFO  o.a.c.c.C.[Tomcat].[localhost].[/] -  Initializing Spring DispatcherServlet 'dispatcherServlet'
2022-08-04 21:17:16 INFO  c.e.schedulingtasks.MetricController -  ====> got one metric from node 2
2022-08-04 21:17:16 INFO  c.example.schedulingtasks.ScaleRule -  ===> ===> start one computation ===> ===> ===>
2022-08-04 21:17:16 INFO  c.example.schedulingtasks.ScaleRule -  threshold top == 70.0 %
2022-08-04 21:17:16 INFO  c.example.schedulingtasks.ScaleRule -  threshold buttom == 44.0 %
2022-08-04 21:17:16 INFO  c.example.schedulingtasks.ScaleRule -  node1 can not get metric at the moment
2022-08-04 21:17:16 INFO  c.example.schedulingtasks.ScaleRule -  <=== node1 ===>
2022-08-04 21:17:16 INFO  c.example.schedulingtasks.ScaleRule -  node1 ld_1 0.0
2022-08-04 21:17:16 INFO  c.example.schedulingtasks.ScaleRule -  node1 ld_5 0.0
2022-08-04 21:17:16 INFO  c.example.schedulingtasks.ScaleRule -  node1 ld_15 0.0
2022-08-04 21:17:16 INFO  c.example.schedulingtasks.ScaleRule -  node1 cpu usage 0.0 %
2022-08-04 21:17:16 INFO  c.example.schedulingtasks.ScaleRule -  ***********************************
2022-08-04 21:17:16 INFO  c.example.schedulingtasks.ScaleRule -  <=== node2 ===>
2022-08-04 21:17:16 INFO  c.example.schedulingtasks.ScaleRule -  node2 ld_1 0.0
2022-08-04 21:17:16 INFO  c.example.schedulingtasks.ScaleRule -  node2 ld_5 4.1
2022-08-04 21:17:16 INFO  c.example.schedulingtasks.ScaleRule -  node2 ld_15 3.1
2022-08-04 21:17:16 INFO  c.example.schedulingtasks.ScaleRule -  node2 cpu usage 78 %
2022-08-04 21:17:16 INFO  c.example.schedulingtasks.ScaleRule -  ***********************************
2022-08-04 21:17:16 INFO  c.example.schedulingtasks.ScaleRule -  current: cores 4 
2022-08-04 21:17:16 INFO  c.example.schedulingtasks.ScaleRule -  current: effective cpu usage 78.0 %
2022-08-04 21:17:16 INFO  c.example.schedulingtasks.ScaleRule -  will change to cores ===> 4
2022-08-04 21:17:16 INFO  ScaleSvc -  No need to run oci cli, exit!
2022-08-04 21:18:27 INFO  c.e.s.SchedulingTasksApplication -  dbrun app is started=========
2022-08-04 21:18:27 INFO  c.e.s.SchedulingTasksApplication -  Starting SchedulingTasksApplication using Java 17.0.1 on JINGSLIU-CN with PID 29236 (C:\Users\jingsliu\Desktop\work\zrkjecc\complete\target\classes started by jingsliu in C:\Users\jingsliu\Desktop\work\zrkjecc\complete)
2022-08-04 21:18:27 INFO  c.e.s.SchedulingTasksApplication -  No active profile set, falling back to default profiles: default
2022-08-04 21:18:28 INFO  o.a.coyote.http11.Http11NioProtocol -  Initializing ProtocolHandler ["http-nio-8080"]
2022-08-04 21:18:28 INFO  o.a.catalina.core.StandardService -  Starting service [Tomcat]
2022-08-04 21:18:28 INFO  o.a.catalina.core.StandardEngine -  Starting Servlet engine: [Apache Tomcat/9.0.56]
2022-08-04 21:18:28 INFO  o.a.c.c.C.[Tomcat].[localhost].[/] -  Initializing Spring embedded WebApplicationContext
2022-08-04 21:18:29 INFO  o.a.coyote.http11.Http11NioProtocol -  Starting ProtocolHandler ["http-nio-8080"]
2022-08-04 21:18:29 INFO  c.e.s.SchedulingTasksApplication -  Started SchedulingTasksApplication in 1.918 seconds (JVM running for 2.372)
2022-08-04 21:18:32 INFO  o.a.c.c.C.[Tomcat].[localhost].[/] -  Initializing Spring DispatcherServlet 'dispatcherServlet'
2022-08-04 21:18:32 INFO  c.e.schedulingtasks.MetricController -  ====> got one metric from node 2
2022-08-04 21:18:32 INFO  c.example.schedulingtasks.ScaleRule -  ===> ===> start one computation ===> ===> ===>
2022-08-04 21:18:32 INFO  c.example.schedulingtasks.ScaleRule -  threshold top == 70.0 %
2022-08-04 21:18:32 INFO  c.example.schedulingtasks.ScaleRule -  threshold buttom == 44.0 %
2022-08-04 21:18:32 INFO  c.example.schedulingtasks.ScaleRule -  node1 can not get metric at the moment
2022-08-04 21:18:32 INFO  c.example.schedulingtasks.ScaleRule -  <======= node1 =======>
2022-08-04 21:18:32 INFO  c.example.schedulingtasks.ScaleRule -  node1 ld_1 0.0
2022-08-04 21:18:32 INFO  c.example.schedulingtasks.ScaleRule -  node1 ld_5 0.0
2022-08-04 21:18:32 INFO  c.example.schedulingtasks.ScaleRule -  node1 ld_15 0.0
2022-08-04 21:18:32 INFO  c.example.schedulingtasks.ScaleRule -  node1 cpu usage 0.0 %
2022-08-04 21:18:32 INFO  c.example.schedulingtasks.ScaleRule -  ***********************************
2022-08-04 21:18:32 INFO  c.example.schedulingtasks.ScaleRule -  <======= node2 =======>
2022-08-04 21:18:32 INFO  c.example.schedulingtasks.ScaleRule -  node2 ld_1 0.0
2022-08-04 21:18:32 INFO  c.example.schedulingtasks.ScaleRule -  node2 ld_5 4.1
2022-08-04 21:18:32 INFO  c.example.schedulingtasks.ScaleRule -  node2 ld_15 3.1
2022-08-04 21:18:32 INFO  c.example.schedulingtasks.ScaleRule -  node2 cpu usage 78 %
2022-08-04 21:18:32 INFO  c.example.schedulingtasks.ScaleRule -  ***********************************
2022-08-04 21:18:32 INFO  c.example.schedulingtasks.ScaleRule -  current: cores 4 
2022-08-04 21:18:32 INFO  c.example.schedulingtasks.ScaleRule -  current: effective cpu usage 78.0 %
2022-08-04 21:18:32 INFO  c.example.schedulingtasks.ScaleRule -  will change to cores ===> 4
2022-08-04 21:18:32 INFO  ScaleSvc -  No need to run oci cli, exit!
2022-08-04 21:19:11 INFO  c.e.s.SchedulingTasksApplication -  dbrun app is started=========
2022-08-04 21:19:11 INFO  c.e.s.SchedulingTasksApplication -  Starting SchedulingTasksApplication using Java 17.0.1 on JINGSLIU-CN with PID 28768 (C:\Users\jingsliu\Desktop\work\zrkjecc\complete\target\classes started by jingsliu in C:\Users\jingsliu\Desktop\work\zrkjecc\complete)
2022-08-04 21:19:11 INFO  c.e.s.SchedulingTasksApplication -  No active profile set, falling back to default profiles: default
2022-08-04 21:19:12 INFO  o.a.coyote.http11.Http11NioProtocol -  Initializing ProtocolHandler ["http-nio-8080"]
2022-08-04 21:19:12 INFO  o.a.catalina.core.StandardService -  Starting service [Tomcat]
2022-08-04 21:19:12 INFO  o.a.catalina.core.StandardEngine -  Starting Servlet engine: [Apache Tomcat/9.0.56]
2022-08-04 21:19:12 INFO  o.a.c.c.C.[Tomcat].[localhost].[/] -  Initializing Spring embedded WebApplicationContext
2022-08-04 21:19:13 INFO  o.a.coyote.http11.Http11NioProtocol -  Starting ProtocolHandler ["http-nio-8080"]
2022-08-04 21:19:13 INFO  c.e.s.SchedulingTasksApplication -  Started SchedulingTasksApplication in 1.984 seconds (JVM running for 2.445)
2022-08-04 21:19:21 INFO  o.a.c.c.C.[Tomcat].[localhost].[/] -  Initializing Spring DispatcherServlet 'dispatcherServlet'
2022-08-04 21:19:21 INFO  c.e.schedulingtasks.MetricController -  ====> got one metric from node 2
2022-08-04 21:19:21 INFO  c.example.schedulingtasks.ScaleRule -  ===> ===> start one computation ===> ===> ===>
2022-08-04 21:19:21 INFO  c.example.schedulingtasks.ScaleRule -  threshold top == 70.0 %
2022-08-04 21:19:21 INFO  c.example.schedulingtasks.ScaleRule -  threshold buttom == 44.0 %
2022-08-04 21:19:21 INFO  c.example.schedulingtasks.ScaleRule -  node1 can not get metric at the moment
2022-08-04 21:19:21 INFO  c.example.schedulingtasks.ScaleRule -  <============= node1 =============>
2022-08-04 21:19:21 INFO  c.example.schedulingtasks.ScaleRule -  node1 ld_1 0.0
2022-08-04 21:19:21 INFO  c.example.schedulingtasks.ScaleRule -  node1 ld_5 0.0
2022-08-04 21:19:21 INFO  c.example.schedulingtasks.ScaleRule -  node1 ld_15 0.0
2022-08-04 21:19:21 INFO  c.example.schedulingtasks.ScaleRule -  node1 cpu usage 0.0 %
2022-08-04 21:19:21 INFO  c.example.schedulingtasks.ScaleRule -  ***********************************
2022-08-04 21:19:21 INFO  c.example.schedulingtasks.ScaleRule -  <============= node2 =============>
2022-08-04 21:19:21 INFO  c.example.schedulingtasks.ScaleRule -  node2 ld_1 0.0
2022-08-04 21:19:21 INFO  c.example.schedulingtasks.ScaleRule -  node2 ld_5 4.1
2022-08-04 21:19:21 INFO  c.example.schedulingtasks.ScaleRule -  node2 ld_15 3.1
2022-08-04 21:19:21 INFO  c.example.schedulingtasks.ScaleRule -  node2 cpu usage 78 %
2022-08-04 21:19:21 INFO  c.example.schedulingtasks.ScaleRule -  ***********************************
2022-08-04 21:19:21 INFO  c.example.schedulingtasks.ScaleRule -  current: cores 4 
2022-08-04 21:19:21 INFO  c.example.schedulingtasks.ScaleRule -  current: effective cpu usage 78.0 %
2022-08-04 21:19:21 INFO  c.example.schedulingtasks.ScaleRule -  will change to cores ===> 4
2022-08-04 21:19:21 INFO  ScaleSvc -  No need to run oci cli, exit!
